<?xml version="1.0" encoding="UTF-8"?>
<!-- Generated by org.testng.reporters.JUnitXMLReporter -->
<testsuite ignored="1" hostname="I-am-Groot" failures="2" tests="3" name="Default test(failed)" time="0.187" errors="0" timestamp="2024-04-12T17:48:26 IST">
  <testcase classname="TestNg_keywords.Dependsonmethods" name="login" time="0.049">
    <failure type="java.lang.AssertionError" message="null">
      <![CDATA[java.lang.AssertionError: null
at TestNg_keywords.Dependsonmethods.login(Dependsonmethods.java:20)
at java.base/java.util.ArrayList.forEach(ArrayList.java:1511)
... Removed 29 stack frames]]>
    </failure>
  </testcase> <!-- login -->
  <testcase classname="TestNg_keywords.Dependsonmethods" name="m1" time="0.003">
    <failure type="java.lang.AssertionError" message="null">
      <![CDATA[java.lang.AssertionError: null
at TestNg_keywords.Dependsonmethods.m1(Dependsonmethods.java:11)
at java.base/java.util.ArrayList.forEach(ArrayList.java:1511)
... Removed 29 stack frames]]>
    </failure>
  </testcase> <!-- m1 -->
  <testcase classname="TestNg_keywords.Dependsonmethods" name="logout" time="0.0">
    <skipped/>
  </testcase> <!-- logout -->
  <testcase classname="TestNg_keywords.Dependsonmethods" name="Tc2" time="0.0">
    <ignored/>
  </testcase> <!-- Tc2 -->
</testsuite> <!-- Default test(failed) -->
